[INFO ] 2020-05-13 13:12:38.184 [main] com.leverX.farm.work.Stuff 46 - The dog  Max should be fed!
[INFO ] 2020-05-13 13:12:38.201 [main] com.leverX.farm.work.Stuff 25 - The dog  Max was trained !
[INFO ] 2020-05-13 13:12:38.202 [main] com.leverX.farm.work.Stuff 39 - The dog  Max is returning to the aviary
[INFO ] 2020-05-13 13:12:38.202 [main] com.leverX.farm.work.Vet 23 - The Dog Max is healthy and doesn't need treatment Adam
[INFO ] 2020-05-13 13:12:38.203 [main] com.leverX.farm.work.Stuff 49 - The dog  Mila does not need to be fed, he is not hungry
[INFO ] 2020-05-13 13:12:38.203 [main] com.leverX.farm.work.Vet 29 - The Dog Mila is sick
[INFO ] 2020-05-13 13:12:38.203 [main] com.leverX.farm.work.Stuff 28 - The dog  Mila needs to be trained !
[INFO ] 2020-05-13 13:12:38.205 [main] com.leverX.farm.work.Stuff 39 - The dog  Mila is returning to the aviary
[INFO ] 2020-05-13 13:12:38.205 [main] com.leverX.farm.work.Vet 21 - The Dog Mila was cured by doctor  Adam
[INFO ] 2020-05-13 13:12:38.206 [main] com.leverX.farm.work.Stuff 46 - The dog  Mery should be fed!
[INFO ] 2020-05-13 13:12:38.206 [main] com.leverX.farm.work.Vet 29 - The Dog Mery is sick
[INFO ] 2020-05-13 13:12:38.206 [main] com.leverX.farm.work.Stuff 25 - The dog  Mery was trained !
[INFO ] 2020-05-13 13:12:38.207 [main] com.leverX.farm.work.Stuff 35 - The dog  Mery is going at work to the police station
[INFO ] 2020-05-13 13:12:38.208 [main] com.leverX.farm.work.Stuff 37 - The dog  Mery is returning to the aviary
[INFO ] 2020-05-13 13:12:38.208 [main] com.leverX.farm.work.Stuff 39 - The dog  Mery is returning to the aviary
[INFO ] 2020-05-13 13:12:38.209 [main] com.leverX.farm.work.Vet 21 - The Dog Mery was cured by doctor  Adam
[INFO ] 2020-05-13 13:12:38.209 [main] com.leverX.farm.work.Stuff 46 - The dog  Rex should be fed!
[INFO ] 2020-05-13 13:12:38.218 [main] com.leverX.farm.work.Stuff 25 - The dog  Rex was trained !
[INFO ] 2020-05-13 13:12:38.219 [main] com.leverX.farm.work.Stuff 39 - The dog  Rex is returning to the aviary
[INFO ] 2020-05-13 13:12:38.219 [main] com.leverX.farm.work.Vet 23 - The Dog Rex is healthy and doesn't need treatment Adam
[INFO ] 2020-05-13 13:12:38.220 [main] com.leverX.farm.work.Stuff 46 - The dog  Della should be fed!
[INFO ] 2020-05-13 13:12:38.220 [main] com.leverX.farm.work.Stuff 25 - The dog  Della was trained !
[INFO ] 2020-05-13 13:12:38.220 [main] com.leverX.farm.work.Stuff 37 - The dog  Della is returning to the aviary
[INFO ] 2020-05-13 13:12:38.221 [main] com.leverX.farm.work.Stuff 39 - The dog  Della is returning to the aviary
[INFO ] 2020-05-13 13:12:38.221 [main] com.leverX.farm.work.Vet 23 - The Dog Della is healthy and doesn't need treatment Adam
[INFO ] 2020-05-13 13:12:38.221 [main] com.leverX.farm.work.Stuff 49 - The dog  Marley does not need to be fed, he is not hungry
[INFO ] 2020-05-13 13:12:38.222 [main] com.leverX.farm.work.Vet 29 - The Dog Marley is sick
[INFO ] 2020-05-13 13:12:38.222 [main] com.leverX.farm.work.Stuff 28 - The dog  Marley needs to be trained !
[INFO ] 2020-05-13 13:12:38.222 [main] com.leverX.farm.work.Stuff 37 - The dog  Marley is returning to the aviary
[INFO ] 2020-05-13 13:12:38.223 [main] com.leverX.farm.work.Stuff 39 - The dog  Marley is returning to the aviary
[INFO ] 2020-05-13 13:12:38.223 [main] com.leverX.farm.work.Vet 21 - The Dog Marley was cured by doctor  Adam
[INFO ] 2020-05-13 13:12:38.223 [main] com.leverX.farm.work.Stuff 49 - The dog  Jack does not need to be fed, he is not hungry
[INFO ] 2020-05-13 13:12:38.224 [main] com.leverX.farm.work.Stuff 28 - The dog  Jack needs to be trained !
[INFO ] 2020-05-13 13:12:38.224 [main] com.leverX.farm.work.Stuff 39 - The dog  Jack is returning to the aviary
[INFO ] 2020-05-13 13:12:38.224 [main] com.leverX.farm.work.Vet 23 - The Dog Jack is healthy and doesn't need treatment Adam
[INFO ] 2020-05-13 13:12:38.225 [main] com.leverX.farm.work.Stuff 46 - The dog  Kate should be fed!
[INFO ] 2020-05-13 13:12:38.225 [main] com.leverX.farm.work.Vet 29 - The Dog Kate is sick
[INFO ] 2020-05-13 13:12:38.225 [main] com.leverX.farm.work.Stuff 28 - The dog  Kate needs to be trained !
[INFO ] 2020-05-13 13:12:38.226 [main] com.leverX.farm.work.Stuff 35 - The dog  Kate is going at work to the police station
[INFO ] 2020-05-13 13:12:38.227 [main] com.leverX.farm.work.Stuff 37 - The dog  Kate is returning to the aviary
[INFO ] 2020-05-13 13:12:38.227 [main] com.leverX.farm.work.Stuff 39 - The dog  Kate is returning to the aviary
[INFO ] 2020-05-13 13:12:38.228 [main] com.leverX.farm.work.Vet 21 - The Dog Kate was cured by doctor  Adam
[INFO ] 2020-05-13 13:12:38.228 [main] com.leverX.farm.work.Stuff 57 - Aviary  1 doesn't need  cleaning
[INFO ] 2020-05-13 13:12:38.229 [main] com.leverX.farm.work.Stuff 55 - Aviary  2  was cleaned by worker Andrew
[INFO ] 2020-05-13 13:12:38.229 [main] com.leverX.farm.work.Stuff 55 - Aviary  3  was cleaned by worker Andrew
[INFO ] 2020-05-13 13:12:38.230 [main] com.leverX.farm.work.Stuff 57 - Aviary  4 doesn't need  cleaning
[INFO ] 2020-05-13 13:12:38.230 [main] com.leverX.farm.work.Stuff 55 - Aviary  5  was cleaned by worker Andrew
[INFO ] 2020-05-13 13:12:38.231 [main] com.leverX.farm.work.Stuff 57 - Aviary  6 doesn't need  cleaning
[INFO ] 2020-05-13 13:12:38.231 [main] com.leverX.farm.work.Stuff 57 - Aviary  7 doesn't need  cleaning
